[07/26/2022 20:13:17] Debug: Session id: 58a5670e-2b3d-4856-a91c-c27d3750d793
[07/26/2022 20:13:17] Debug: Code Processor information: Name :SnowConvert, Version: 7.11.13.0
[07/26/2022 20:13:18] Debug: Getting license
[07/26/2022 20:13:18] Debug: License information
	Status: Failed
	Message: No active license available.
[07/26/2022 20:13:18] Info: Starting to validate parameters
[07/26/2022 20:13:18] Info: Parameters to validate: 
	Execution mode: Conversion
	LICENSE_KEY: a3372138-b87e-4a08-b929-3b48b24c63f1
[07/26/2022 20:13:18] Info: Validation of parameters: Success
[07/26/2022 20:13:18] Debug: Getting code descriptor
[07/26/2022 20:13:18] Debug: Code descriptor information
	Units: 51
	Units type: LOC
	All file bytes: 2141
	All found extensions: .sql,.dml,.ddl,.bteq,.btq,.fl,.fload,.ml,.mload,.mld,.tp,.tpump,.tpt
[07/26/2022 20:13:18] Debug: Calculating fingerprint
[07/26/2022 20:13:18] Debug: Fingerprint information Fingerprint(size=2141,projects=1)
[07/26/2022 20:13:18] Info: Starting to try to validate online license for execution
[07/26/2022 20:13:20] Debug: Getting license
[07/26/2022 20:13:20] Debug: License information
	Status: Failed
	Message: No active license available.
[07/26/2022 20:13:20] Debug: Starting the execution of the controller
[07/26/2022 20:13:21] Debug: Executing the worker: SnowConvert
[07/26/2022 20:13:41] Debug: Finished executing the worker: SnowConvert
[07/26/2022 20:13:43] Info: Controller execution ended
